# JRE version: Java(TM) SE Runtime Environment (8.0_131-b11) (build 1.8.0_131-b11)
# Java VM: Java HotSpot(TM) 64-Bit Server VM (25.131-b11 mixed mode windows-amd64 compressed oops)
Heap:
 PSYoungGen      total 214528K, used 123653K [0x00000000d6f80000, 0x00000000eb400000, 0x0000000100000000)
  eden space 200704K, 55% used [0x00000000d6f80000,0x00000000ddbe3790,0x00000000e3380000)
  from space 13824K, 91% used [0x00000000e3380000,0x00000000e3fdde08,0x00000000e4100000)
  to   space 15360K, 0% used [0x00000000ea500000,0x00000000ea500000,0x00000000eb400000)
 ParOldGen       total 70656K, used 21754K [0x0000000084e00000, 0x0000000089300000, 0x00000000d6f80000)
  object space 70656K, 30% used [0x0000000084e00000,0x000000008633e8f8,0x0000000089300000)
 Metaspace       used 48796K, capacity 49770K, committed 49920K, reserved 1093632K
  class space    used 5836K, capacity 6055K, committed 6144K, reserved 1048576K
GC Heap History (10 events):
Event: 9.858 GC heap before
{Heap before GC invocations=7 (full 1):
 PSYoungGen      total 68608K, used 68579K [0x00000000d6f80000, 0x00000000df200000, 0x0000000100000000)
  eden space 63488K, 100% used [0x00000000d6f80000,0x00000000dad80000,0x00000000dad80000)
  from space 5120K, 99% used [0x00000000dad80000,0x00000000db278c98,0x00000000db280000)
  to   space 8704K, 0% used [0x00000000de980000,0x00000000de980000,0x00000000df200000)
 ParOldGen       total 46592K, used 7195K [0x0000000084e00000, 0x0000000087b80000, 0x00000000d6f80000)
  object space 46592K, 15% used [0x0000000084e00000,0x0000000085506df8,0x0000000087b80000)
 Metaspace       used 26922K, capacity 27268K, committed 27520K, reserved 1073152K
  class space    used 3290K, capacity 3395K, committed 3456K, reserved 1048576K
Event: 9.904 GC heap after
Heap after GC invocations=7 (full 1):
 PSYoungGen      total 122368K, used 7821K [0x00000000d6f80000, 0x00000000df180000, 0x0000000100000000)
  eden space 114176K, 0% used [0x00000000d6f80000,0x00000000d6f80000,0x00000000ddf00000)
  from space 8192K, 95% used [0x00000000de980000,0x00000000df123610,0x00000000df180000)
  to   space 9216K, 0% used [0x00000000ddf80000,0x00000000ddf80000,0x00000000de880000)
 ParOldGen       total 46592K, used 7195K [0x0000000084e00000, 0x0000000087b80000, 0x00000000d6f80000)
  object space 46592K, 15% used [0x0000000084e00000,0x0000000085506df8,0x0000000087b80000)
 Metaspace       used 26922K, capacity 27268K, committed 27520K, reserved 1073152K
  class space    used 3290K, capacity 3395K, committed 3456K, reserved 1048576K
}
Event: 12.924 GC heap before
{Heap before GC invocations=8 (full 1):
 PSYoungGen      total 122368K, used 121997K [0x00000000d6f80000, 0x00000000df180000, 0x0000000100000000)
  eden space 114176K, 100% used [0x00000000d6f80000,0x00000000ddf00000,0x00000000ddf00000)
  from space 8192K, 95% used [0x00000000de980000,0x00000000df123610,0x00000000df180000)
  to   space 9216K, 0% used [0x00000000ddf80000,0x00000000ddf80000,0x00000000de880000)
 ParOldGen       total 46592K, used 7195K [0x0000000084e00000, 0x0000000087b80000, 0x00000000d6f80000)
  object space 46592K, 15% used [0x0000000084e00000,0x0000000085506df8,0x0000000087b80000)
 Metaspace       used 34777K, capacity 35206K, committed 35456K, reserved 1081344K
  class space    used 4252K, capacity 4366K, committed 4480K, reserved 1048576K
Event: 12.950 GC heap after
Heap after GC invocations=8 (full 1):
 PSYoungGen      total 123904K, used 9187K [0x00000000d6f80000, 0x00000000e4f00000, 0x0000000100000000)
  eden space 114688K, 0% used [0x00000000d6f80000,0x00000000d6f80000,0x00000000ddf80000)
  from space 9216K, 99% used [0x00000000ddf80000,0x00000000de878ef0,0x00000000de880000)
  to   space 14336K, 0% used [0x00000000e4100000,0x00000000e4100000,0x00000000e4f00000)
 ParOldGen       total 46592K, used 15630K [0x0000000084e00000, 0x0000000087b80000, 0x00000000d6f80000)
  object space 46592K, 33% used [0x0000000084e00000,0x0000000085d43af0,0x0000000087b80000)
 Metaspace       used 34777K, capacity 35206K, committed 35456K, reserved 1081344K
  class space    used 4252K, capacity 4366K, committed 4480K, reserved 1048576K
}
Event: 12.988 GC heap before
{Heap before GC invocations=9 (full 1):
 PSYoungGen      total 123904K, used 13015K [0x00000000d6f80000, 0x00000000e4f00000, 0x0000000100000000)
  eden space 114688K, 3% used [0x00000000d6f80000,0x00000000d733d028,0x00000000ddf80000)
  from space 9216K, 99% used [0x00000000ddf80000,0x00000000de878ef0,0x00000000de880000)
  to   space 14336K, 0% used [0x00000000e4100000,0x00000000e4100000,0x00000000e4f00000)
 ParOldGen       total 46592K, used 15630K [0x0000000084e00000, 0x0000000087b80000, 0x00000000d6f80000)
  object space 46592K, 33% used [0x0000000084e00000,0x0000000085d43af0,0x0000000087b80000)
 Metaspace       used 34840K, capacity 35206K, committed 35456K, reserved 1081344K
  class space    used 4260K, capacity 4366K, committed 4480K, reserved 1048576K
Event: 13.008 GC heap after
Heap after GC invocations=9 (full 1):
 PSYoungGen      total 215040K, used 9359K [0x00000000d6f80000, 0x00000000e5e80000, 0x0000000100000000)
  eden space 200704K, 0% used [0x00000000d6f80000,0x00000000d6f80000,0x00000000e3380000)
  from space 14336K, 65% used [0x00000000e4100000,0x00000000e4a23ee0,0x00000000e4f00000)
  to   space 13824K, 0% used [0x00000000e3380000,0x00000000e3380000,0x00000000e4100000)
 ParOldGen       total 46592K, used 15630K [0x0000000084e00000, 0x0000000087b80000, 0x00000000d6f80000)
  object space 46592K, 33% used [0x0000000084e00000,0x0000000085d43af0,0x0000000087b80000)
 Metaspace       used 34840K, capacity 35206K, committed 35456K, reserved 1081344K
  class space    used 4260K, capacity 4366K, committed 4480K, reserved 1048576K
}
Event: 13.008 GC heap before
{Heap before GC invocations=10 (full 2):
 PSYoungGen      total 215040K, used 9359K [0x00000000d6f80000, 0x00000000e5e80000, 0x0000000100000000)
  eden space 200704K, 0% used [0x00000000d6f80000,0x00000000d6f80000,0x00000000e3380000)
  from space 14336K, 65% used [0x00000000e4100000,0x00000000e4a23ee0,0x00000000e4f00000)
  to   space 13824K, 0% used [0x00000000e3380000,0x00000000e3380000,0x00000000e4100000)
 ParOldGen       total 46592K, used 15630K [0x0000000084e00000, 0x0000000087b80000, 0x00000000d6f80000)
  object space 46592K, 33% used [0x0000000084e00000,0x0000000085d43af0,0x0000000087b80000)
 Metaspace       used 34840K, capacity 35206K, committed 35456K, reserved 1081344K
  class space    used 4260K, capacity 4366K, committed 4480K, reserved 1048576K
Event: 13.192 GC heap after
Heap after GC invocations=10 (full 2):
 PSYoungGen      total 215040K, used 0K [0x00000000d6f80000, 0x00000000e5e80000, 0x0000000100000000)
  eden space 200704K, 0% used [0x00000000d6f80000,0x00000000d6f80000,0x00000000e3380000)
  from space 14336K, 0% used [0x00000000e4100000,0x00000000e4100000,0x00000000e4f00000)
  to   space 13824K, 0% used [0x00000000e3380000,0x00000000e3380000,0x00000000e4100000)
 ParOldGen       total 70656K, used 21746K [0x0000000084e00000, 0x0000000089300000, 0x00000000d6f80000)
  object space 70656K, 30% used [0x0000000084e00000,0x000000008633c8f8,0x0000000089300000)
 Metaspace       used 34840K, capacity 35206K, committed 35456K, reserved 1081344K
  class space    used 4260K, capacity 4366K, committed 4480K, reserved 1048576K
}
Event: 18.964 GC heap before
{Heap before GC invocations=11 (full 2):
 PSYoungGen      total 215040K, used 200704K [0x00000000d6f80000, 0x00000000e5e80000, 0x0000000100000000)
  eden space 200704K, 100% used [0x00000000d6f80000,0x00000000e3380000,0x00000000e3380000)
  from space 14336K, 0% used [0x00000000e4100000,0x00000000e4100000,0x00000000e4f00000)
  to   space 13824K, 0% used [0x00000000e3380000,0x00000000e3380000,0x00000000e4100000)
 ParOldGen       total 70656K, used 21746K [0x0000000084e00000, 0x0000000089300000, 0x00000000d6f80000)
  object space 70656K, 30% used [0x0000000084e00000,0x000000008633c8f8,0x0000000089300000)
 Metaspace       used 40705K, capacity 41078K, committed 41344K, reserved 1085440K
  class space    used 5030K, capacity 5126K, committed 5248K, reserved 1048576K
Event: 19.128 GC heap after
Heap after GC invocations=11 (full 2):
 PSYoungGen      total 214528K, used 12663K [0x00000000d6f80000, 0x00000000eb400000, 0x0000000100000000)
  eden space 200704K, 0% used [0x00000000d6f80000,0x00000000d6f80000,0x00000000e3380000)
  from space 13824K, 91% used [0x00000000e3380000,0x00000000e3fdde08,0x00000000e4100000)
  to   space 15360K, 0% used [0x00000000ea500000,0x00000000ea500000,0x00000000eb400000)
 ParOldGen       total 70656K, used 21754K [0x0000000084e00000, 0x0000000089300000, 0x00000000d6f80000)
  object space 70656K, 30% used [0x0000000084e00000,0x000000008633e8f8,0x0000000089300000)
 Metaspace       used 40705K, capacity 41078K, committed 41344K, reserved 1085440K
  class space    used 5030K, capacity 5126K, committed 5248K, reserved 1048576K
}

